# JRE version: Java(TM) SE Runtime Environment (17.0.12+8) (build 17.0.12+8-LTS-286)
# Java VM: Java HotSpot(TM) 64-Bit Server VM (17.0.12+8-LTS-286, mixed mode, sharing, tiered, compressed oops, compressed class ptrs, g1 gc, windows-amd64)
GC Precious Log:
 CPUs: 4 total, 4 available
 Memory: 3998M
 Large Page Support: Disabled
 NUMA Support: Disabled
 Compressed Oops: Enabled (32-bit)
 Heap Region Size: 1M
 Heap Min Capacity: 8M
 Heap Initial Capacity: 64M
 Heap Max Capacity: 1000M
 Pre-touch: Disabled
 Parallel Workers: 4
 Concurrent Workers: 1
 Concurrent Refinement Workers: 4
 Periodic GC: Disabled
Heap:
 garbage-first heap   total 65536K, used 19942K [0x00000000c1800000, 0x0000000100000000)
  region size 1024K, 17 young (17408K), 5 survivors (5120K)
 Metaspace       used 16906K, committed 17152K, reserved 1114112K
  class space    used 1984K, committed 2112K, reserved 1048576K
GC Heap History (8 events):
Event: 5.347 GC heap before
{Heap before GC invocations=0 (full 0):
 garbage-first heap   total 65536K, used 13312K [0x00000000c1800000, 0x0000000100000000)
  region size 1024K, 13 young (13312K), 0 survivors (0K)
 Metaspace       used 5019K, committed 5184K, reserved 1114112K
  class space    used 521K, committed 640K, reserved 1048576K
}
Event: 5.379 GC heap after
{Heap after GC invocations=1 (full 0):
 garbage-first heap   total 65536K, used 3736K [0x00000000c1800000, 0x0000000100000000)
  region size 1024K, 2 young (2048K), 2 survivors (2048K)
 Metaspace       used 5019K, committed 5184K, reserved 1114112K
  class space    used 521K, committed 640K, reserved 1048576K
}
Event: 6.382 GC heap before
{Heap before GC invocations=1 (full 0):
 garbage-first heap   total 65536K, used 12952K [0x00000000c1800000, 0x0000000100000000)
  region size 1024K, 11 young (11264K), 2 survivors (2048K)
 Metaspace       used 7408K, committed 7616K, reserved 1114112K
  class space    used 852K, committed 960K, reserved 1048576K
}
Event: 6.391 GC heap after
{Heap after GC invocations=2 (full 0):
 garbage-first heap   total 65536K, used 4583K [0x00000000c1800000, 0x0000000100000000)
  region size 1024K, 1 young (1024K), 1 survivors (1024K)
 Metaspace       used 7408K, committed 7616K, reserved 1114112K
  class space    used 852K, committed 960K, reserved 1048576K
}
Event: 8.030 GC heap before
{Heap before GC invocations=2 (full 0):
 garbage-first heap   total 65536K, used 29159K [0x00000000c1800000, 0x0000000100000000)
  region size 1024K, 26 young (26624K), 1 survivors (1024K)
 Metaspace       used 10156K, committed 10368K, reserved 1114112K
  class space    used 1195K, committed 1280K, reserved 1048576K
}
Event: 8.037 GC heap after
{Heap after GC invocations=3 (full 0):
 garbage-first heap   total 65536K, used 5287K [0x00000000c1800000, 0x0000000100000000)
  region size 1024K, 2 young (2048K), 2 survivors (2048K)
 Metaspace       used 10156K, committed 10368K, reserved 1114112K
  class space    used 1195K, committed 1280K, reserved 1048576K
}
Event: 12.460 GC heap before
{Heap before GC invocations=3 (full 0):
 garbage-first heap   total 65536K, used 42151K [0x00000000c1800000, 0x0000000100000000)
  region size 1024K, 38 young (38912K), 2 survivors (2048K)
 Metaspace       used 16661K, committed 16896K, reserved 1114112K
  class space    used 1979K, committed 2112K, reserved 1048576K
}
Event: 12.480 GC heap after
{Heap after GC invocations=4 (full 0):
 garbage-first heap   total 65536K, used 8678K [0x00000000c1800000, 0x0000000100000000)
  region size 1024K, 5 young (5120K), 5 survivors (5120K)
 Metaspace       used 16661K, committed 16896K, reserved 1114112K
  class space    used 1979K, committed 2112K, reserved 1048576K
}

